<?xml version="1.0" encoding="UTF-8"?>
<!-- Generated by org.testng.reporters.JUnitXMLReporter -->
<testsuite ignored="0" hostname="DivyaKiran" failures="1" tests="6" name="Test" time="43.589" errors="0" timestamp="2025-07-21T21:46:55 IST">
  <testcase classname="testCases.TC003_Login_DDT" name="verify_Login_DDT" time="11.562">
    <failure type="java.lang.AssertionError" message="expected [true] but found [false]">
      <![CDATA[java.lang.AssertionError: expected [true] but found [false]
at testCases.TC003_Login_DDT.verify_Login_DDT(TC003_Login_DDT.java:34)
at java.base/java.util.ArrayList.forEach(ArrayList.java:1596)
... Removed 29 stack frames]]>
    </failure>
  </testcase> <!-- verify_Login_DDT -->
  <testcase classname="testCases.TC003_Login_DDT" name="verify_Login_DDT" time="1.751"/>
  <testcase classname="testCases.TC003_Login_DDT" name="verify_Login_DDT" time="1.664"/>
  <testcase classname="testCases.TC003_Login_DDT" name="verify_Login_DDT" time="11.131"/>
  <testcase classname="testCases.TC003_Login_DDT" name="verify_Login_DDT" time="1.609"/>
  <testcase classname="testCases.TC003_Login_DDT" name="verify_Login_DDT" time="10.575"/>
</testsuite> <!-- Test -->
